[ 2024-07-31 23:04:05,288 ] root - INFO - Entered the start_data_ingestion method of TrainPipeline class
[ 2024-07-31 23:04:05,288 ] root - INFO - Getting the data from mongodb
[ 2024-07-31 23:04:05,288 ] root - INFO - Entered initiate_data_ingestion method of Data_Ingestion class
[ 2024-07-31 23:04:05,288 ] root - INFO - Exporting data from mongodb
[ 2024-07-31 23:04:14,343 ] pymongo.connection - DEBUG - {"clientId": {"$oid": "66aa7596a2868b4bfa02e4a5"}, "message": "Connection pool created", "serverHost": "ac-tmorhby-shard-00-00.etshaca.mongodb.net", "serverPort": 27017}
[ 2024-07-31 23:04:14,347 ] pymongo.connection - DEBUG - {"clientId": {"$oid": "66aa7596a2868b4bfa02e4a5"}, "message": "Connection pool created", "serverHost": "ac-tmorhby-shard-00-02.etshaca.mongodb.net", "serverPort": 27017}
[ 2024-07-31 23:04:14,350 ] pymongo.connection - DEBUG - {"clientId": {"$oid": "66aa7596a2868b4bfa02e4a5"}, "message": "Connection pool created", "serverHost": "ac-tmorhby-shard-00-01.etshaca.mongodb.net", "serverPort": 27017}
[ 2024-07-31 23:04:14,351 ] root - INFO - MongoDB connection succesfull
[ 2024-07-31 23:04:14,352 ] pymongo.serverSelection - DEBUG - {"message": "Server selection started", "selector": "Primary()", "operation": "find", "topologyDescription": "<TopologyDescription id: 66aa7596a2868b4bfa02e4a5, topology_type: ReplicaSetNoPrimary, servers: [<ServerDescription ('ac-tmorhby-shard-00-00.etshaca.mongodb.net', 27017) server_type: Unknown, rtt: None>, <ServerDescription ('ac-tmorhby-shard-00-01.etshaca.mongodb.net', 27017) server_type: Unknown, rtt: None>, <ServerDescription ('ac-tmorhby-shard-00-02.etshaca.mongodb.net', 27017) server_type: Unknown, rtt: None>]>", "clientId": {"$oid": "66aa7596a2868b4bfa02e4a5"}}
[ 2024-07-31 23:04:14,352 ] pymongo.serverSelection - DEBUG - {"message": "Waiting for suitable server to become available", "selector": "Primary()", "operation": "find", "topologyDescription": "<TopologyDescription id: 66aa7596a2868b4bfa02e4a5, topology_type: ReplicaSetNoPrimary, servers: [<ServerDescription ('ac-tmorhby-shard-00-00.etshaca.mongodb.net', 27017) server_type: Unknown, rtt: None>, <ServerDescription ('ac-tmorhby-shard-00-01.etshaca.mongodb.net', 27017) server_type: Unknown, rtt: None>, <ServerDescription ('ac-tmorhby-shard-00-02.etshaca.mongodb.net', 27017) server_type: Unknown, rtt: None>]>", "clientId": {"$oid": "66aa7596a2868b4bfa02e4a5"}, "remainingTimeMS": 30}
[ 2024-07-31 23:04:14,500 ] pymongo.connection - DEBUG - {"clientId": {"$oid": "66aa7596a2868b4bfa02e4a5"}, "message": "Connection pool ready", "serverHost": "ac-tmorhby-shard-00-00.etshaca.mongodb.net", "serverPort": 27017}
[ 2024-07-31 23:04:14,503 ] pymongo.connection - DEBUG - {"clientId": {"$oid": "66aa7596a2868b4bfa02e4a5"}, "message": "Connection pool ready", "serverHost": "ac-tmorhby-shard-00-02.etshaca.mongodb.net", "serverPort": 27017}
[ 2024-07-31 23:04:14,506 ] pymongo.connection - DEBUG - {"clientId": {"$oid": "66aa7596a2868b4bfa02e4a5"}, "message": "Connection pool ready", "serverHost": "ac-tmorhby-shard-00-01.etshaca.mongodb.net", "serverPort": 27017}
[ 2024-07-31 23:04:14,509 ] pymongo.serverSelection - DEBUG - {"message": "Server selection succeeded", "selector": "Primary()", "operation": "find", "topologyDescription": "<TopologyDescription id: 66aa7596a2868b4bfa02e4a5, topology_type: ReplicaSetWithPrimary, servers: [<ServerDescription ('ac-tmorhby-shard-00-00.etshaca.mongodb.net', 27017) server_type: RSSecondary, rtt: 0.0470000000204891>, <ServerDescription ('ac-tmorhby-shard-00-01.etshaca.mongodb.net', 27017) server_type: RSPrimary, rtt: 0.06300000008195639>, <ServerDescription ('ac-tmorhby-shard-00-02.etshaca.mongodb.net', 27017) server_type: RSSecondary, rtt: 0.0470000000204891>]>", "clientId": {"$oid": "66aa7596a2868b4bfa02e4a5"}, "serverHost": "ac-tmorhby-shard-00-01.etshaca.mongodb.net", "serverPort": 27017}
[ 2024-07-31 23:04:14,510 ] pymongo.connection - DEBUG - {"clientId": {"$oid": "66aa7596a2868b4bfa02e4a5"}, "message": "Connection checkout started", "serverHost": "ac-tmorhby-shard-00-01.etshaca.mongodb.net", "serverPort": 27017}
[ 2024-07-31 23:04:14,512 ] pymongo.connection - DEBUG - {"clientId": {"$oid": "66aa7596a2868b4bfa02e4a5"}, "message": "Connection created", "serverHost": "ac-tmorhby-shard-00-01.etshaca.mongodb.net", "serverPort": 27017, "driverConnectionId": 1}
[ 2024-07-31 23:04:14,689 ] pymongo.connection - DEBUG - {"clientId": {"$oid": "66aa7596a2868b4bfa02e4a5"}, "message": "Connection ready", "serverHost": "ac-tmorhby-shard-00-01.etshaca.mongodb.net", "serverPort": 27017, "driverConnectionId": 1, "durationMS": 0.09399999992456287}
[ 2024-07-31 23:04:14,689 ] pymongo.connection - DEBUG - {"clientId": {"$oid": "66aa7596a2868b4bfa02e4a5"}, "message": "Connection checked out", "serverHost": "ac-tmorhby-shard-00-01.etshaca.mongodb.net", "serverPort": 27017, "driverConnectionId": 1, "durationMS": 0.17199999990407377}
[ 2024-07-31 23:04:14,689 ] pymongo.command - DEBUG - {"clientId": {"$oid": "66aa7596a2868b4bfa02e4a5"}, "message": "Command started", "command": "{\"find\": \"visa_data\", \"lsid\": {\"id\": {\"$binary\": {\"base64\": \"KczarKiVQLCwfG/GL0wYvw==\", \"subType\": \"04\"}}}, \"$clusterTime\": {\"clusterTime\": {\"$timestamp\": {\"t\": 1722447263, \"i\": 16}}, \"signature\": {\"hash\": {\"$binary\": {\"base64\": \"yghpaEHhn1YRsZunQAjrakYNGXI=\", \"subType\": \"00\"}}, \"keyId\": 7393568256243531781}}, \"$db\": \"US_VISA\"}", "commandName": "find", "databaseName": "US_VISA", "requestId": 26500, "operationId": 26500, "driverConnectionId": 1, "serverConnectionId": 6927, "serverHost": "ac-tmorhby-shard-00-01.etshaca.mongodb.net", "serverPort": 27017}
[ 2024-07-31 23:04:14,706 ] pymongo.command - DEBUG - {"clientId": {"$oid": "66aa7596a2868b4bfa02e4a5"}, "message": "Command succeeded", "durationMS": 17.253999999999998, "reply": "{\"cursor\": {\"ns\": \"US_VISA.visa_data\"}, \"ok\": 1.0, \"$clusterTime\": {\"clusterTime\": {\"$timestamp\": {\"t\": 1722447264, \"i\": 4}}, \"signature\": {\"hash\": {\"$binary\": {\"base64\": \"7TDs09b1KF/sbe3Nt4ZoASYMxOA=\", \"subType\": \"00\"}}, \"keyId\": 7393568256243531781}}, \"operationTime\": {\"$timestamp\": {\"t\": 1722447264, \"i\": 4}}}", "commandName": "find", "databaseName": "US_VISA", "requestId": 26500, "operationId": 26500, "driverConnectionId": 1, "serverConnectionId": 6927, "serverHost": "ac-tmorhby-shard-00-01.etshaca.mongodb.net", "serverPort": 27017}
[ 2024-07-31 23:04:14,706 ] pymongo.connection - DEBUG - {"clientId": {"$oid": "66aa7596a2868b4bfa02e4a5"}, "message": "Connection checked in", "serverHost": "ac-tmorhby-shard-00-01.etshaca.mongodb.net", "serverPort": 27017, "driverConnectionId": 1}
[ 2024-07-31 23:04:14,706 ] root - INFO - Shape of dataframe: (0, 0)
[ 2024-07-31 23:04:14,722 ] root - INFO - Saving exported data into feature store file path: artifact\07_31_2024_23_04_05\data_ingestion\feature_store\usvisa.csv
[ 2024-07-31 23:04:14,733 ] root - INFO - Got the data from mongodb
[ 2024-07-31 23:04:14,733 ] root - INFO - Entered split_data_as_train_test method of Data_Ingestion class
