[ 2024-07-31 22:45:00,960 ] root - INFO - Entered the start_data_ingestion method of TrainPipeline class
[ 2024-07-31 22:45:00,960 ] root - INFO - Getting the data from mongodb
[ 2024-07-31 22:45:00,960 ] root - INFO - Entered initiate_data_ingestion method of Data_Ingestion class
[ 2024-07-31 22:45:00,960 ] root - INFO - Exporting data from mongodb
[ 2024-07-31 22:45:06,595 ] pymongo.connection - DEBUG - {"clientId": {"$oid": "66aa711ae9b2ddc13050fc97"}, "message": "Connection pool created", "serverHost": "ac-tmorhby-shard-00-02.etshaca.mongodb.net", "serverPort": 27017}
[ 2024-07-31 22:45:06,601 ] pymongo.connection - DEBUG - {"clientId": {"$oid": "66aa711ae9b2ddc13050fc97"}, "message": "Connection pool created", "serverHost": "ac-tmorhby-shard-00-00.etshaca.mongodb.net", "serverPort": 27017}
[ 2024-07-31 22:45:06,603 ] pymongo.connection - DEBUG - {"clientId": {"$oid": "66aa711ae9b2ddc13050fc97"}, "message": "Connection pool created", "serverHost": "ac-tmorhby-shard-00-01.etshaca.mongodb.net", "serverPort": 27017}
[ 2024-07-31 22:45:06,606 ] root - INFO - MongoDB connection succesfull
[ 2024-07-31 22:45:06,607 ] pymongo.serverSelection - DEBUG - {"message": "Server selection started", "selector": "Primary()", "operation": "find", "topologyDescription": "<TopologyDescription id: 66aa711ae9b2ddc13050fc97, topology_type: ReplicaSetNoPrimary, servers: [<ServerDescription ('ac-tmorhby-shard-00-00.etshaca.mongodb.net', 27017) server_type: Unknown, rtt: None>, <ServerDescription ('ac-tmorhby-shard-00-01.etshaca.mongodb.net', 27017) server_type: Unknown, rtt: None>, <ServerDescription ('ac-tmorhby-shard-00-02.etshaca.mongodb.net', 27017) server_type: Unknown, rtt: None>]>", "clientId": {"$oid": "66aa711ae9b2ddc13050fc97"}}
[ 2024-07-31 22:45:06,607 ] pymongo.serverSelection - DEBUG - {"message": "Waiting for suitable server to become available", "selector": "Primary()", "operation": "find", "topologyDescription": "<TopologyDescription id: 66aa711ae9b2ddc13050fc97, topology_type: ReplicaSetNoPrimary, servers: [<ServerDescription ('ac-tmorhby-shard-00-00.etshaca.mongodb.net', 27017) server_type: Unknown, rtt: None>, <ServerDescription ('ac-tmorhby-shard-00-01.etshaca.mongodb.net', 27017) server_type: Unknown, rtt: None>, <ServerDescription ('ac-tmorhby-shard-00-02.etshaca.mongodb.net', 27017) server_type: Unknown, rtt: None>]>", "clientId": {"$oid": "66aa711ae9b2ddc13050fc97"}, "remainingTimeMS": 30}
[ 2024-07-31 22:45:06,810 ] pymongo.connection - DEBUG - {"clientId": {"$oid": "66aa711ae9b2ddc13050fc97"}, "message": "Connection pool ready", "serverHost": "ac-tmorhby-shard-00-01.etshaca.mongodb.net", "serverPort": 27017}
[ 2024-07-31 22:45:06,813 ] pymongo.connection - DEBUG - {"clientId": {"$oid": "66aa711ae9b2ddc13050fc97"}, "message": "Connection pool ready", "serverHost": "ac-tmorhby-shard-00-00.etshaca.mongodb.net", "serverPort": 27017}
[ 2024-07-31 22:45:06,814 ] pymongo.serverSelection - DEBUG - {"message": "Server selection succeeded", "selector": "Primary()", "operation": "find", "topologyDescription": "<TopologyDescription id: 66aa711ae9b2ddc13050fc97, topology_type: ReplicaSetWithPrimary, servers: [<ServerDescription ('ac-tmorhby-shard-00-00.etshaca.mongodb.net', 27017) server_type: RSSecondary, rtt: 0.030999999959021807>, <ServerDescription ('ac-tmorhby-shard-00-01.etshaca.mongodb.net', 27017) server_type: RSPrimary, rtt: 0.030999999959021807>, <ServerDescription ('ac-tmorhby-shard-00-02.etshaca.mongodb.net', 27017) server_type: Unknown, rtt: None>]>", "clientId": {"$oid": "66aa711ae9b2ddc13050fc97"}, "serverHost": "ac-tmorhby-shard-00-01.etshaca.mongodb.net", "serverPort": 27017}
[ 2024-07-31 22:45:06,816 ] pymongo.connection - DEBUG - {"clientId": {"$oid": "66aa711ae9b2ddc13050fc97"}, "message": "Connection checkout started", "serverHost": "ac-tmorhby-shard-00-01.etshaca.mongodb.net", "serverPort": 27017}
[ 2024-07-31 22:45:06,817 ] pymongo.connection - DEBUG - {"clientId": {"$oid": "66aa711ae9b2ddc13050fc97"}, "message": "Connection created", "serverHost": "ac-tmorhby-shard-00-01.etshaca.mongodb.net", "serverPort": 27017, "driverConnectionId": 1}
[ 2024-07-31 22:45:06,821 ] pymongo.connection - DEBUG - {"clientId": {"$oid": "66aa711ae9b2ddc13050fc97"}, "message": "Connection pool ready", "serverHost": "ac-tmorhby-shard-00-02.etshaca.mongodb.net", "serverPort": 27017}
[ 2024-07-31 22:45:07,189 ] pymongo.connection - DEBUG - {"clientId": {"$oid": "66aa711ae9b2ddc13050fc97"}, "message": "Connection ready", "serverHost": "ac-tmorhby-shard-00-01.etshaca.mongodb.net", "serverPort": 27017, "driverConnectionId": 1, "durationMS": 0.18799999996554106}
[ 2024-07-31 22:45:07,189 ] pymongo.connection - DEBUG - {"clientId": {"$oid": "66aa711ae9b2ddc13050fc97"}, "message": "Connection checked out", "serverHost": "ac-tmorhby-shard-00-01.etshaca.mongodb.net", "serverPort": 27017, "driverConnectionId": 1, "durationMS": 0.35999999998603016}
[ 2024-07-31 22:45:07,189 ] pymongo.command - DEBUG - {"clientId": {"$oid": "66aa711ae9b2ddc13050fc97"}, "message": "Command started", "command": "{\"find\": \"visa_data\", \"lsid\": {\"id\": {\"$binary\": {\"base64\": \"+KW3QG2JS2CwDezXZcvlmA==\", \"subType\": \"04\"}}}, \"$clusterTime\": {\"clusterTime\": {\"$timestamp\": {\"t\": 1722446116, \"i\": 2}}, \"signature\": {\"hash\": {\"$binary\": {\"base64\": \"4F0CBgDBGnWm5P9TOYTRV5kZXak=\", \"subType\": \"00\"}}, \"keyId\": 7393568256243531781}}, \"$db\": \"US_VISA\"}", "commandName": "find", "databaseName": "US_VISA", "requestId": 26500, "operationId": 26500, "driverConnectionId": 1, "serverConnectionId": 6420, "serverHost": "ac-tmorhby-shard-00-01.etshaca.mongodb.net", "serverPort": 27017}
[ 2024-07-31 22:45:07,242 ] pymongo.command - DEBUG - {"clientId": {"$oid": "66aa711ae9b2ddc13050fc97"}, "message": "Command succeeded", "durationMS": 53.217, "reply": "{\"cursor\": {\"ns\": \"US_VISA.visa_data\"}, \"ok\": 1.0, \"$clusterTime\": {\"clusterTime\": {\"$timestamp\": {\"t\": 1722446116, \"i\": 10}}, \"signature\": {\"hash\": {\"$binary\": {\"base64\": \"4F0CBgDBGnWm5P9TOYTRV5kZXak=\", \"subType\": \"00\"}}, \"keyId\": 7393568256243531781}}, \"operationTime\": {\"$timestamp\": {\"t\": 1722446116, \"i\": 10}}}", "commandName": "find", "databaseName": "US_VISA", "requestId": 26500, "operationId": 26500, "driverConnectionId": 1, "serverConnectionId": 6420, "serverHost": "ac-tmorhby-shard-00-01.etshaca.mongodb.net", "serverPort": 27017}
[ 2024-07-31 22:45:07,242 ] pymongo.connection - DEBUG - {"clientId": {"$oid": "66aa711ae9b2ddc13050fc97"}, "message": "Connection checked in", "serverHost": "ac-tmorhby-shard-00-01.etshaca.mongodb.net", "serverPort": 27017, "driverConnectionId": 1}
[ 2024-07-31 22:45:07,256 ] root - INFO - Shape of dataframe: (0, 0)
[ 2024-07-31 22:45:07,261 ] root - INFO - Saving exported data into feature store file path: artifact\07_31_2024_22_45_00\data_ingestion\feature_store\usvisa.csv
[ 2024-07-31 22:45:07,284 ] root - INFO - Got the data from mongodb
[ 2024-07-31 22:45:07,285 ] root - INFO - Entered split_data_as_train_test method of Data_Ingestion class
