[ 2024-08-13 08:48:08,709 ] numexpr.utils - INFO - NumExpr defaulting to 4 threads.
[ 2024-08-13 08:48:11,436 ] root - INFO - Entered the start_data_ingestion method of TrainPipeline class
[ 2024-08-13 08:48:11,438 ] root - INFO - Getting the data from mongodb
[ 2024-08-13 08:48:11,438 ] root - INFO - Entered initiate_data_ingestion method of Data_Ingestion class
[ 2024-08-13 08:48:11,438 ] root - INFO - Exporting data from mongodb
[ 2024-08-13 08:48:24,549 ] pymongo.connection - DEBUG - {"clientId": {"$oid": "66bad08046094304bdb34bb1"}, "message": "Connection pool created", "serverHost": "ac-tmorhby-shard-00-02.etshaca.mongodb.net", "serverPort": 27017}
[ 2024-08-13 08:48:24,559 ] pymongo.connection - DEBUG - {"clientId": {"$oid": "66bad08046094304bdb34bb1"}, "message": "Connection pool created", "serverHost": "ac-tmorhby-shard-00-00.etshaca.mongodb.net", "serverPort": 27017}
[ 2024-08-13 08:48:24,565 ] pymongo.connection - DEBUG - {"clientId": {"$oid": "66bad08046094304bdb34bb1"}, "message": "Connection pool created", "serverHost": "ac-tmorhby-shard-00-01.etshaca.mongodb.net", "serverPort": 27017}
[ 2024-08-13 08:48:24,569 ] root - INFO - MongoDB connection succesfull
[ 2024-08-13 08:48:24,570 ] pymongo.serverSelection - DEBUG - {"message": "Server selection started", "selector": "Primary()", "operation": "find", "topologyDescription": "<TopologyDescription id: 66bad08046094304bdb34bb1, topology_type: ReplicaSetNoPrimary, servers: [<ServerDescription ('ac-tmorhby-shard-00-00.etshaca.mongodb.net', 27017) server_type: Unknown, rtt: None>, <ServerDescription ('ac-tmorhby-shard-00-01.etshaca.mongodb.net', 27017) server_type: Unknown, rtt: None>, <ServerDescription ('ac-tmorhby-shard-00-02.etshaca.mongodb.net', 27017) server_type: Unknown, rtt: None>]>", "clientId": {"$oid": "66bad08046094304bdb34bb1"}}
[ 2024-08-13 08:48:24,571 ] pymongo.serverSelection - DEBUG - {"message": "Waiting for suitable server to become available", "selector": "Primary()", "operation": "find", "topologyDescription": "<TopologyDescription id: 66bad08046094304bdb34bb1, topology_type: ReplicaSetNoPrimary, servers: [<ServerDescription ('ac-tmorhby-shard-00-00.etshaca.mongodb.net', 27017) server_type: Unknown, rtt: None>, <ServerDescription ('ac-tmorhby-shard-00-01.etshaca.mongodb.net', 27017) server_type: Unknown, rtt: None>, <ServerDescription ('ac-tmorhby-shard-00-02.etshaca.mongodb.net', 27017) server_type: Unknown, rtt: None>]>", "clientId": {"$oid": "66bad08046094304bdb34bb1"}, "remainingTimeMS": 30}
[ 2024-08-13 08:48:24,766 ] pymongo.connection - DEBUG - {"clientId": {"$oid": "66bad08046094304bdb34bb1"}, "message": "Connection pool ready", "serverHost": "ac-tmorhby-shard-00-02.etshaca.mongodb.net", "serverPort": 27017}
[ 2024-08-13 08:48:24,778 ] pymongo.connection - DEBUG - {"clientId": {"$oid": "66bad08046094304bdb34bb1"}, "message": "Connection pool ready", "serverHost": "ac-tmorhby-shard-00-00.etshaca.mongodb.net", "serverPort": 27017}
[ 2024-08-13 08:48:24,789 ] pymongo.connection - DEBUG - {"clientId": {"$oid": "66bad08046094304bdb34bb1"}, "message": "Connection pool ready", "serverHost": "ac-tmorhby-shard-00-01.etshaca.mongodb.net", "serverPort": 27017}
[ 2024-08-13 08:48:24,791 ] pymongo.serverSelection - DEBUG - {"message": "Server selection succeeded", "selector": "Primary()", "operation": "find", "topologyDescription": "<TopologyDescription id: 66bad08046094304bdb34bb1, topology_type: ReplicaSetWithPrimary, servers: [<ServerDescription ('ac-tmorhby-shard-00-00.etshaca.mongodb.net', 27017) server_type: RSSecondary, rtt: 0.030999999959021807>, <ServerDescription ('ac-tmorhby-shard-00-01.etshaca.mongodb.net', 27017) server_type: RSPrimary, rtt: 0.03100000007543713>, <ServerDescription ('ac-tmorhby-shard-00-02.etshaca.mongodb.net', 27017) server_type: RSSecondary, rtt: 0.03200000000651926>]>", "clientId": {"$oid": "66bad08046094304bdb34bb1"}, "serverHost": "ac-tmorhby-shard-00-01.etshaca.mongodb.net", "serverPort": 27017}
[ 2024-08-13 08:48:24,792 ] pymongo.connection - DEBUG - {"clientId": {"$oid": "66bad08046094304bdb34bb1"}, "message": "Connection checkout started", "serverHost": "ac-tmorhby-shard-00-01.etshaca.mongodb.net", "serverPort": 27017}
[ 2024-08-13 08:48:24,793 ] pymongo.connection - DEBUG - {"clientId": {"$oid": "66bad08046094304bdb34bb1"}, "message": "Connection created", "serverHost": "ac-tmorhby-shard-00-01.etshaca.mongodb.net", "serverPort": 27017, "driverConnectionId": 1}
[ 2024-08-13 08:48:24,961 ] pymongo.connection - DEBUG - {"clientId": {"$oid": "66bad08046094304bdb34bb1"}, "message": "Connection ready", "serverHost": "ac-tmorhby-shard-00-01.etshaca.mongodb.net", "serverPort": 27017, "driverConnectionId": 1, "durationMS": 0.09399999992456287}
[ 2024-08-13 08:48:24,961 ] pymongo.connection - DEBUG - {"clientId": {"$oid": "66bad08046094304bdb34bb1"}, "message": "Connection checked out", "serverHost": "ac-tmorhby-shard-00-01.etshaca.mongodb.net", "serverPort": 27017, "driverConnectionId": 1, "durationMS": 0.17199999990407377}
[ 2024-08-13 08:48:24,961 ] pymongo.command - DEBUG - {"clientId": {"$oid": "66bad08046094304bdb34bb1"}, "message": "Command started", "command": "{\"find\": \"visa_data\", \"lsid\": {\"id\": {\"$binary\": {\"base64\": \"/lkeONQ2S4aNWeBcFoopZw==\", \"subType\": \"04\"}}}, \"$clusterTime\": {\"clusterTime\": {\"$timestamp\": {\"t\": 1723519107, \"i\": 13}}, \"signature\": {\"hash\": {\"$binary\": {\"base64\": \"QtgUYDr0oPgDk31n1yBEbte4EZc=\", \"subType\": \"00\"}}, \"keyId\": 7393568256243531781}}, \"$db\": \"US_VISA\"}", "commandName": "find", "databaseName": "US_VISA", "requestId": 26500, "operationId": 26500, "driverConnectionId": 1, "serverConnectionId": 76406, "serverHost": "ac-tmorhby-shard-00-01.etshaca.mongodb.net", "serverPort": 27017}
[ 2024-08-13 08:48:24,983 ] pymongo.command - DEBUG - {"clientId": {"$oid": "66bad08046094304bdb34bb1"}, "message": "Command succeeded", "durationMS": 22.264, "reply": "{\"cursor\": {\"ns\": \"US_VISA.visa_data\"}, \"ok\": 1.0, \"$clusterTime\": {\"clusterTime\": {\"$timestamp\": {\"t\": 1723519107, \"i\": 14}}, \"signature\": {\"hash\": {\"$binary\": {\"base64\": \"QtgUYDr0oPgDk31n1yBEbte4EZc=\", \"subType\": \"00\"}}, \"keyId\": 7393568256243531781}}, \"operationTime\": {\"$timestamp\": {\"t\": 1723519107, \"i\": 14}}}", "commandName": "find", "databaseName": "US_VISA", "requestId": 26500, "operationId": 26500, "driverConnectionId": 1, "serverConnectionId": 76406, "serverHost": "ac-tmorhby-shard-00-01.etshaca.mongodb.net", "serverPort": 27017}
[ 2024-08-13 08:48:24,985 ] pymongo.connection - DEBUG - {"clientId": {"$oid": "66bad08046094304bdb34bb1"}, "message": "Connection checked in", "serverHost": "ac-tmorhby-shard-00-01.etshaca.mongodb.net", "serverPort": 27017, "driverConnectionId": 1}
[ 2024-08-13 08:48:25,000 ] root - INFO - Shape of dataframe: (0, 0)
[ 2024-08-13 08:48:25,004 ] root - INFO - Saving exported data into feature store file path: artifact\08_13_2024_08_48_11\data_ingestion\feature_store\usvisa.csv
[ 2024-08-13 08:48:25,026 ] root - INFO - Got the data from mongodb
[ 2024-08-13 08:48:25,026 ] root - INFO - Entered split_data_as_train_test method of Data_Ingestion class
