[ 2024-08-15 07:37:26,292 ] numexpr.utils - INFO - NumExpr defaulting to 4 threads.
[ 2024-08-15 07:37:34,028 ] root - INFO - Entered the start_data_ingestion method of TrainPipeline class
[ 2024-08-15 07:37:34,028 ] root - INFO - Getting the data from mongodb
[ 2024-08-15 07:37:34,028 ] root - INFO - Entered initiate_data_ingestion method of Data_Ingestion class
[ 2024-08-15 07:37:34,028 ] root - INFO - Exporting data from mongodb
[ 2024-08-15 07:37:40,291 ] pymongo.connection - DEBUG - {"clientId": {"$oid": "66bd62ece0bb04775ceaaf94"}, "message": "Connection pool created", "serverHost": "ac-tmorhby-shard-00-02.etshaca.mongodb.net", "serverPort": 27017}
[ 2024-08-15 07:37:40,294 ] pymongo.connection - DEBUG - {"clientId": {"$oid": "66bd62ece0bb04775ceaaf94"}, "message": "Connection pool created", "serverHost": "ac-tmorhby-shard-00-00.etshaca.mongodb.net", "serverPort": 27017}
[ 2024-08-15 07:37:40,296 ] pymongo.connection - DEBUG - {"clientId": {"$oid": "66bd62ece0bb04775ceaaf94"}, "message": "Connection pool created", "serverHost": "ac-tmorhby-shard-00-01.etshaca.mongodb.net", "serverPort": 27017}
[ 2024-08-15 07:37:40,299 ] root - INFO - MongoDB connection succesfull
[ 2024-08-15 07:37:40,299 ] pymongo.serverSelection - DEBUG - {"message": "Server selection started", "selector": "Primary()", "operation": "find", "topologyDescription": "<TopologyDescription id: 66bd62ece0bb04775ceaaf94, topology_type: ReplicaSetNoPrimary, servers: [<ServerDescription ('ac-tmorhby-shard-00-00.etshaca.mongodb.net', 27017) server_type: Unknown, rtt: None>, <ServerDescription ('ac-tmorhby-shard-00-01.etshaca.mongodb.net', 27017) server_type: Unknown, rtt: None>, <ServerDescription ('ac-tmorhby-shard-00-02.etshaca.mongodb.net', 27017) server_type: Unknown, rtt: None>]>", "clientId": {"$oid": "66bd62ece0bb04775ceaaf94"}}
[ 2024-08-15 07:37:40,299 ] pymongo.serverSelection - DEBUG - {"message": "Waiting for suitable server to become available", "selector": "Primary()", "operation": "find", "topologyDescription": "<TopologyDescription id: 66bd62ece0bb04775ceaaf94, topology_type: ReplicaSetNoPrimary, servers: [<ServerDescription ('ac-tmorhby-shard-00-00.etshaca.mongodb.net', 27017) server_type: Unknown, rtt: None>, <ServerDescription ('ac-tmorhby-shard-00-01.etshaca.mongodb.net', 27017) server_type: Unknown, rtt: None>, <ServerDescription ('ac-tmorhby-shard-00-02.etshaca.mongodb.net', 27017) server_type: Unknown, rtt: None>]>", "clientId": {"$oid": "66bd62ece0bb04775ceaaf94"}, "remainingTimeMS": 30}
[ 2024-08-15 07:37:40,928 ] pymongo.connection - DEBUG - {"clientId": {"$oid": "66bd62ece0bb04775ceaaf94"}, "message": "Connection pool ready", "serverHost": "ac-tmorhby-shard-00-02.etshaca.mongodb.net", "serverPort": 27017}
[ 2024-08-15 07:37:41,111 ] pymongo.connection - DEBUG - {"clientId": {"$oid": "66bd62ece0bb04775ceaaf94"}, "message": "Connection pool ready", "serverHost": "ac-tmorhby-shard-00-00.etshaca.mongodb.net", "serverPort": 27017}
[ 2024-08-15 07:37:41,650 ] pymongo.connection - DEBUG - {"clientId": {"$oid": "66bd62ece0bb04775ceaaf94"}, "message": "Connection pool ready", "serverHost": "ac-tmorhby-shard-00-01.etshaca.mongodb.net", "serverPort": 27017}
[ 2024-08-15 07:37:41,651 ] pymongo.serverSelection - DEBUG - {"message": "Server selection succeeded", "selector": "Primary()", "operation": "find", "topologyDescription": "<TopologyDescription id: 66bd62ece0bb04775ceaaf94, topology_type: ReplicaSetWithPrimary, servers: [<ServerDescription ('ac-tmorhby-shard-00-00.etshaca.mongodb.net', 27017) server_type: RSSecondary, rtt: 0.125>, <ServerDescription ('ac-tmorhby-shard-00-01.etshaca.mongodb.net', 27017) server_type: RSPrimary, rtt: 0.125>, <ServerDescription ('ac-tmorhby-shard-00-02.etshaca.mongodb.net', 27017) server_type: RSSecondary, rtt: 0.125>]>", "clientId": {"$oid": "66bd62ece0bb04775ceaaf94"}, "serverHost": "ac-tmorhby-shard-00-01.etshaca.mongodb.net", "serverPort": 27017}
[ 2024-08-15 07:37:41,652 ] pymongo.connection - DEBUG - {"clientId": {"$oid": "66bd62ece0bb04775ceaaf94"}, "message": "Connection checkout started", "serverHost": "ac-tmorhby-shard-00-01.etshaca.mongodb.net", "serverPort": 27017}
[ 2024-08-15 07:37:41,652 ] pymongo.connection - DEBUG - {"clientId": {"$oid": "66bd62ece0bb04775ceaaf94"}, "message": "Connection created", "serverHost": "ac-tmorhby-shard-00-01.etshaca.mongodb.net", "serverPort": 27017, "driverConnectionId": 1}
[ 2024-08-15 07:37:42,954 ] pymongo.connection - DEBUG - {"clientId": {"$oid": "66bd62ece0bb04775ceaaf94"}, "message": "Connection ready", "serverHost": "ac-tmorhby-shard-00-01.etshaca.mongodb.net", "serverPort": 27017, "driverConnectionId": 1, "durationMS": 0.5}
[ 2024-08-15 07:37:42,954 ] pymongo.connection - DEBUG - {"clientId": {"$oid": "66bd62ece0bb04775ceaaf94"}, "message": "Connection checked out", "serverHost": "ac-tmorhby-shard-00-01.etshaca.mongodb.net", "serverPort": 27017, "driverConnectionId": 1, "durationMS": 1.297000000020489}
[ 2024-08-15 07:37:42,954 ] pymongo.command - DEBUG - {"clientId": {"$oid": "66bd62ece0bb04775ceaaf94"}, "message": "Command started", "command": "{\"find\": \"visa_data\", \"lsid\": {\"id\": {\"$binary\": {\"base64\": \"D7+WvEj6TGmUCjP4zt1Xpw==\", \"subType\": \"04\"}}}, \"$clusterTime\": {\"clusterTime\": {\"$timestamp\": {\"t\": 1723687667, \"i\": 8}}, \"signature\": {\"hash\": {\"$binary\": {\"base64\": \"y3A7iEusSwW95IrwdLqDapTeIUI=\", \"subType\": \"00\"}}, \"keyId\": 7393568256243531781}}, \"$db\": \"US_VISA\"}", "commandName": "find", "databaseName": "US_VISA", "requestId": 26500, "operationId": 26500, "driverConnectionId": 1, "serverConnectionId": 115848, "serverHost": "ac-tmorhby-shard-00-01.etshaca.mongodb.net", "serverPort": 27017}
[ 2024-08-15 07:37:43,041 ] pymongo.command - DEBUG - {"clientId": {"$oid": "66bd62ece0bb04775ceaaf94"}, "message": "Command succeeded", "durationMS": 86.799, "reply": "{\"cursor\": {\"ns\": \"US_VISA.visa_data\"}, \"ok\": 1.0, \"$clusterTime\": {\"clusterTime\": {\"$timestamp\": {\"t\": 1723687668, \"i\": 15}}, \"signature\": {\"hash\": {\"$binary\": {\"base64\": \"31aRCpMnK1q/ixUjq2Fq2J5z/8Y=\", \"subType\": \"00\"}}, \"keyId\": 7393568256243531781}}, \"operationTime\": {\"$timestamp\": {\"t\": 1723687668, \"i\": 15}}}", "commandName": "find", "databaseName": "US_VISA", "requestId": 26500, "operationId": 26500, "driverConnectionId": 1, "serverConnectionId": 115848, "serverHost": "ac-tmorhby-shard-00-01.etshaca.mongodb.net", "serverPort": 27017}
[ 2024-08-15 07:37:43,041 ] pymongo.connection - DEBUG - {"clientId": {"$oid": "66bd62ece0bb04775ceaaf94"}, "message": "Connection checked in", "serverHost": "ac-tmorhby-shard-00-01.etshaca.mongodb.net", "serverPort": 27017, "driverConnectionId": 1}
[ 2024-08-15 07:37:43,057 ] root - INFO - Shape of dataframe: (0, 0)
[ 2024-08-15 07:37:43,057 ] root - INFO - Saving exported data into feature store file path: artifact\08_15_2024_07_37_32\data_ingestion\feature_store\usvisa.csv
[ 2024-08-15 07:37:43,057 ] root - INFO - Got the data from mongodb
[ 2024-08-15 07:37:43,057 ] root - INFO - Entered split_data_as_train_test method of Data_Ingestion class
