[ 2024-08-31 13:32:46,220 ] root - INFO - Entered the start_data_ingestion method of TrainPipeline class
[ 2024-08-31 13:32:46,220 ] root - INFO - Getting the data from mongodb
[ 2024-08-31 13:32:46,221 ] root - INFO - Entered initiate_data_ingestion method of Data_Ingestion class
[ 2024-08-31 13:32:46,221 ] root - INFO - Exporting data from mongodb
[ 2024-08-31 13:32:51,385 ] pymongo.connection - DEBUG - {"clientId": {"$oid": "66d2ce2b9e63a98ddbcf389a"}, "message": "Connection pool created", "serverHost": "ac-tmorhby-shard-00-00.etshaca.mongodb.net", "serverPort": 27017}
[ 2024-08-31 13:32:51,388 ] pymongo.connection - DEBUG - {"clientId": {"$oid": "66d2ce2b9e63a98ddbcf389a"}, "message": "Connection pool created", "serverHost": "ac-tmorhby-shard-00-01.etshaca.mongodb.net", "serverPort": 27017}
[ 2024-08-31 13:32:51,392 ] pymongo.connection - DEBUG - {"clientId": {"$oid": "66d2ce2b9e63a98ddbcf389a"}, "message": "Connection pool created", "serverHost": "ac-tmorhby-shard-00-02.etshaca.mongodb.net", "serverPort": 27017}
[ 2024-08-31 13:32:51,394 ] root - INFO - MongoDB connection succesfull
[ 2024-08-31 13:32:51,395 ] pymongo.serverSelection - DEBUG - {"message": "Server selection started", "selector": "Primary()", "operation": "find", "topologyDescription": "<TopologyDescription id: 66d2ce2b9e63a98ddbcf389a, topology_type: ReplicaSetNoPrimary, servers: [<ServerDescription ('ac-tmorhby-shard-00-00.etshaca.mongodb.net', 27017) server_type: Unknown, rtt: None>, <ServerDescription ('ac-tmorhby-shard-00-01.etshaca.mongodb.net', 27017) server_type: Unknown, rtt: None>, <ServerDescription ('ac-tmorhby-shard-00-02.etshaca.mongodb.net', 27017) server_type: Unknown, rtt: None>]>", "clientId": {"$oid": "66d2ce2b9e63a98ddbcf389a"}}
[ 2024-08-31 13:32:51,395 ] pymongo.serverSelection - DEBUG - {"message": "Waiting for suitable server to become available", "selector": "Primary()", "operation": "find", "topologyDescription": "<TopologyDescription id: 66d2ce2b9e63a98ddbcf389a, topology_type: ReplicaSetNoPrimary, servers: [<ServerDescription ('ac-tmorhby-shard-00-00.etshaca.mongodb.net', 27017) server_type: Unknown, rtt: None>, <ServerDescription ('ac-tmorhby-shard-00-01.etshaca.mongodb.net', 27017) server_type: Unknown, rtt: None>, <ServerDescription ('ac-tmorhby-shard-00-02.etshaca.mongodb.net', 27017) server_type: Unknown, rtt: None>]>", "clientId": {"$oid": "66d2ce2b9e63a98ddbcf389a"}, "remainingTimeMS": 30}
[ 2024-08-31 13:32:51,562 ] pymongo.connection - DEBUG - {"clientId": {"$oid": "66d2ce2b9e63a98ddbcf389a"}, "message": "Connection pool ready", "serverHost": "ac-tmorhby-shard-00-01.etshaca.mongodb.net", "serverPort": 27017}
[ 2024-08-31 13:32:51,567 ] pymongo.connection - DEBUG - {"clientId": {"$oid": "66d2ce2b9e63a98ddbcf389a"}, "message": "Connection pool ready", "serverHost": "ac-tmorhby-shard-00-00.etshaca.mongodb.net", "serverPort": 27017}
[ 2024-08-31 13:32:51,571 ] pymongo.connection - DEBUG - {"clientId": {"$oid": "66d2ce2b9e63a98ddbcf389a"}, "message": "Connection pool ready", "serverHost": "ac-tmorhby-shard-00-02.etshaca.mongodb.net", "serverPort": 27017}
[ 2024-08-31 13:32:51,574 ] pymongo.serverSelection - DEBUG - {"message": "Server selection succeeded", "selector": "Primary()", "operation": "find", "topologyDescription": "<TopologyDescription id: 66d2ce2b9e63a98ddbcf389a, topology_type: ReplicaSetWithPrimary, servers: [<ServerDescription ('ac-tmorhby-shard-00-00.etshaca.mongodb.net', 27017) server_type: RSSecondary, rtt: 0.03100000007543713>, <ServerDescription ('ac-tmorhby-shard-00-01.etshaca.mongodb.net', 27017) server_type: RSSecondary, rtt: 0.015000000013969839>, <ServerDescription ('ac-tmorhby-shard-00-02.etshaca.mongodb.net', 27017) server_type: RSPrimary, rtt: 0.03100000007543713>]>", "clientId": {"$oid": "66d2ce2b9e63a98ddbcf389a"}, "serverHost": "ac-tmorhby-shard-00-02.etshaca.mongodb.net", "serverPort": 27017}
[ 2024-08-31 13:32:51,577 ] pymongo.connection - DEBUG - {"clientId": {"$oid": "66d2ce2b9e63a98ddbcf389a"}, "message": "Connection checkout started", "serverHost": "ac-tmorhby-shard-00-02.etshaca.mongodb.net", "serverPort": 27017}
[ 2024-08-31 13:32:51,579 ] pymongo.connection - DEBUG - {"clientId": {"$oid": "66d2ce2b9e63a98ddbcf389a"}, "message": "Connection created", "serverHost": "ac-tmorhby-shard-00-02.etshaca.mongodb.net", "serverPort": 27017, "driverConnectionId": 1}
[ 2024-08-31 13:32:51,810 ] pymongo.connection - DEBUG - {"clientId": {"$oid": "66d2ce2b9e63a98ddbcf389a"}, "message": "Connection ready", "serverHost": "ac-tmorhby-shard-00-02.etshaca.mongodb.net", "serverPort": 27017, "driverConnectionId": 1, "durationMS": 0.10899999993853271}
[ 2024-08-31 13:32:51,811 ] pymongo.connection - DEBUG - {"clientId": {"$oid": "66d2ce2b9e63a98ddbcf389a"}, "message": "Connection checked out", "serverHost": "ac-tmorhby-shard-00-02.etshaca.mongodb.net", "serverPort": 27017, "driverConnectionId": 1, "durationMS": 0.2339999999385327}
[ 2024-08-31 13:32:51,812 ] pymongo.command - DEBUG - {"clientId": {"$oid": "66d2ce2b9e63a98ddbcf389a"}, "message": "Command started", "command": "{\"find\": \"visa_dataset\", \"lsid\": {\"id\": {\"$binary\": {\"base64\": \"h5pnpDhkSmKD2t30vDVUyg==\", \"subType\": \"04\"}}}, \"$clusterTime\": {\"clusterTime\": {\"$timestamp\": {\"t\": 1725091374, \"i\": 11}}, \"signature\": {\"hash\": {\"$binary\": {\"base64\": \"aMAUWqASe/d3KE5ZK6hu/5WMm68=\", \"subType\": \"00\"}}, \"keyId\": 7393568256243531781}}, \"$db\": \"US_VISA\"}", "commandName": "find", "databaseName": "US_VISA", "requestId": 26500, "operationId": 26500, "driverConnectionId": 1, "serverConnectionId": 158741, "serverHost": "ac-tmorhby-shard-00-02.etshaca.mongodb.net", "serverPort": 27017}
[ 2024-08-31 13:32:51,868 ] pymongo.command - DEBUG - {"clientId": {"$oid": "66d2ce2b9e63a98ddbcf389a"}, "message": "Command succeeded", "durationMS": 56.775, "reply": "{\"cursor\": {\"firstBatch\": [{\"_id\": {\"$oid\": \"669ba16a96b2f3df8f6d96db\"}, \"case_id\": \"EZYV01\", \"continent\": \"Asia\", \"education_of_employee\": \"High School\", \"has_job_experience\": \"N\", \"requires_job_training\": \"N\", \"no_of_employees\": 14513, \"yr_of_estab\": 2007, \"region_of_employment\": \"West\", \"prevailing_wage\": 592.2029, \"unit_of_wage\": \"Hour\", \"full_time_position\": \"Y\", \"case_status\": \"Denied\"}, {\"_id\": {\"$oid\": \"669ba16a96b2f3df8f6d96dc\"}, \"case_id\": \"EZYV02\", \"continent\": \"Asia\", \"education_of_employee\": \"Master's\", \"has_job_experience\": \"Y\", \"requires_job_training\": \"N\", \"no_of_employees\": 2412, \"yr_of_estab\": 2002, \"region_of_employment\": \"Northeast\", \"prevailing_wage\": 83425.65, \"unit_of_wage\": \"Year\", \"full_time_position\": \"Y\", \"case_status\": \"Certified\"}, {\"_id\": {\"$oid\": \"669ba16a96b2f3df8f6d96dd\"}, \"case_id\": \"EZYV03\", \"continent\": \"Asia\", \"education_of_employee\": \"Bachelor's\", \"has_job_experience\": \"N\", \"requires_job_training\": \"Y\", \"no_of_employees\": 44444, \"yr_of_estab\": 2008...", "commandName": "find", "databaseName": "US_VISA", "requestId": 26500, "operationId": 26500, "driverConnectionId": 1, "serverConnectionId": 158741, "serverHost": "ac-tmorhby-shard-00-02.etshaca.mongodb.net", "serverPort": 27017}
[ 2024-08-31 13:32:51,890 ] pymongo.connection - DEBUG - {"clientId": {"$oid": "66d2ce2b9e63a98ddbcf389a"}, "message": "Connection checked in", "serverHost": "ac-tmorhby-shard-00-02.etshaca.mongodb.net", "serverPort": 27017, "driverConnectionId": 1}
[ 2024-08-31 13:32:51,890 ] pymongo.serverSelection - DEBUG - {"message": "Server selection started", "selector": "<function any_server_selector at 0x0000020FBB293D00>", "operation": "getMore", "topologyDescription": "<TopologyDescription id: 66d2ce2b9e63a98ddbcf389a, topology_type: ReplicaSetWithPrimary, servers: [<ServerDescription ('ac-tmorhby-shard-00-00.etshaca.mongodb.net', 27017) server_type: RSSecondary, rtt: 0.03100000007543713>, <ServerDescription ('ac-tmorhby-shard-00-01.etshaca.mongodb.net', 27017) server_type: RSSecondary, rtt: 0.015000000013969839>, <ServerDescription ('ac-tmorhby-shard-00-02.etshaca.mongodb.net', 27017) server_type: RSPrimary, rtt: 0.03100000007543713>]>", "clientId": {"$oid": "66d2ce2b9e63a98ddbcf389a"}}
[ 2024-08-31 13:32:51,891 ] pymongo.serverSelection - DEBUG - {"message": "Server selection succeeded", "selector": "<function any_server_selector at 0x0000020FBB293D00>", "operation": "getMore", "topologyDescription": "<TopologyDescription id: 66d2ce2b9e63a98ddbcf389a, topology_type: ReplicaSetWithPrimary, servers: [<ServerDescription ('ac-tmorhby-shard-00-00.etshaca.mongodb.net', 27017) server_type: RSSecondary, rtt: 0.03100000007543713>, <ServerDescription ('ac-tmorhby-shard-00-01.etshaca.mongodb.net', 27017) server_type: RSSecondary, rtt: 0.015000000013969839>, <ServerDescription ('ac-tmorhby-shard-00-02.etshaca.mongodb.net', 27017) server_type: RSPrimary, rtt: 0.03100000007543713>]>", "clientId": {"$oid": "66d2ce2b9e63a98ddbcf389a"}, "serverHost": "ac-tmorhby-shard-00-02.etshaca.mongodb.net", "serverPort": 27017}
[ 2024-08-31 13:32:51,892 ] pymongo.connection - DEBUG - {"clientId": {"$oid": "66d2ce2b9e63a98ddbcf389a"}, "message": "Connection checkout started", "serverHost": "ac-tmorhby-shard-00-02.etshaca.mongodb.net", "serverPort": 27017}
[ 2024-08-31 13:32:51,892 ] pymongo.connection - DEBUG - {"clientId": {"$oid": "66d2ce2b9e63a98ddbcf389a"}, "message": "Connection checked out", "serverHost": "ac-tmorhby-shard-00-02.etshaca.mongodb.net", "serverPort": 27017, "driverConnectionId": 1, "durationMS": 0.0}
[ 2024-08-31 13:32:51,892 ] pymongo.command - DEBUG - {"clientId": {"$oid": "66d2ce2b9e63a98ddbcf389a"}, "message": "Command started", "command": "{\"getMore\": 4588000686915154288, \"collection\": \"visa_dataset\", \"lsid\": {\"id\": {\"$binary\": {\"base64\": \"h5pnpDhkSmKD2t30vDVUyg==\", \"subType\": \"04\"}}}, \"$clusterTime\": {\"clusterTime\": {\"$timestamp\": {\"t\": 1725091374, \"i\": 13}}, \"signature\": {\"hash\": {\"$binary\": {\"base64\": \"aMAUWqASe/d3KE5ZK6hu/5WMm68=\", \"subType\": \"00\"}}, \"keyId\": 7393568256243531781}}, \"$db\": \"US_VISA\"}", "commandName": "getMore", "databaseName": "US_VISA", "requestId": 19169, "operationId": 19169, "driverConnectionId": 1, "serverConnectionId": 158741, "serverHost": "ac-tmorhby-shard-00-02.etshaca.mongodb.net", "serverPort": 27017}
[ 2024-08-31 13:32:54,577 ] pymongo.command - DEBUG - {"clientId": {"$oid": "66d2ce2b9e63a98ddbcf389a"}, "message": "Command succeeded", "durationMS": 2685.0299999999997, "reply": "{\"cursor\": {\"nextBatch\": [{\"_id\": {\"$oid\": \"669ba16a96b2f3df8f6d9740\"}, \"case_id\": \"EZYV102\", \"continent\": \"Asia\", \"education_of_employee\": \"Master's\", \"has_job_experience\": \"Y\", \"requires_job_training\": \"N\", \"no_of_employees\": 334, \"yr_of_estab\": 2007, \"region_of_employment\": \"Midwest\", \"prevailing_wage\": 43421.88, \"unit_of_wage\": \"Year\", \"full_time_position\": \"Y\", \"case_status\": \"Certified\"}, {\"_id\": {\"$oid\": \"669ba16a96b2f3df8f6d9741\"}, \"case_id\": \"EZYV103\", \"continent\": \"Asia\", \"education_of_employee\": \"Bachelor's\", \"has_job_experience\": \"Y\", \"requires_job_training\": \"N\", \"no_of_employees\": 224, \"yr_of_estab\": 2008, \"region_of_employment\": \"Midwest\", \"prevailing_wage\": 80253.78, \"unit_of_wage\": \"Year\", \"full_time_position\": \"Y\", \"case_status\": \"Certified\"}, {\"_id\": {\"$oid\": \"669ba16a96b2f3df8f6d9742\"}, \"case_id\": \"EZYV104\", \"continent\": \"Asia\", \"education_of_employee\": \"Doctorate\", \"has_job_experience\": \"Y\", \"requires_job_training\": \"N\", \"no_of_employees\": 367, \"yr_of_estab\": 1982,...", "commandName": "getMore", "databaseName": "US_VISA", "requestId": 19169, "operationId": 19169, "driverConnectionId": 1, "serverConnectionId": 158741, "serverHost": "ac-tmorhby-shard-00-02.etshaca.mongodb.net", "serverPort": 27017}
[ 2024-08-31 13:32:54,578 ] pymongo.connection - DEBUG - {"clientId": {"$oid": "66d2ce2b9e63a98ddbcf389a"}, "message": "Connection checked in", "serverHost": "ac-tmorhby-shard-00-02.etshaca.mongodb.net", "serverPort": 27017, "driverConnectionId": 1}
[ 2024-08-31 13:32:54,596 ] pymongo.serverSelection - DEBUG - {"message": "Server selection started", "selector": "<function any_server_selector at 0x0000020FBB293D00>", "operation": "getMore", "topologyDescription": "<TopologyDescription id: 66d2ce2b9e63a98ddbcf389a, topology_type: ReplicaSetWithPrimary, servers: [<ServerDescription ('ac-tmorhby-shard-00-00.etshaca.mongodb.net', 27017) server_type: RSSecondary, rtt: 0.03100000007543713>, <ServerDescription ('ac-tmorhby-shard-00-01.etshaca.mongodb.net', 27017) server_type: RSSecondary, rtt: 0.015000000013969839>, <ServerDescription ('ac-tmorhby-shard-00-02.etshaca.mongodb.net', 27017) server_type: RSPrimary, rtt: 0.03100000007543713>]>", "clientId": {"$oid": "66d2ce2b9e63a98ddbcf389a"}}
[ 2024-08-31 13:32:54,597 ] pymongo.serverSelection - DEBUG - {"message": "Server selection succeeded", "selector": "<function any_server_selector at 0x0000020FBB293D00>", "operation": "getMore", "topologyDescription": "<TopologyDescription id: 66d2ce2b9e63a98ddbcf389a, topology_type: ReplicaSetWithPrimary, servers: [<ServerDescription ('ac-tmorhby-shard-00-00.etshaca.mongodb.net', 27017) server_type: RSSecondary, rtt: 0.03100000007543713>, <ServerDescription ('ac-tmorhby-shard-00-01.etshaca.mongodb.net', 27017) server_type: RSSecondary, rtt: 0.015000000013969839>, <ServerDescription ('ac-tmorhby-shard-00-02.etshaca.mongodb.net', 27017) server_type: RSPrimary, rtt: 0.03100000007543713>]>", "clientId": {"$oid": "66d2ce2b9e63a98ddbcf389a"}, "serverHost": "ac-tmorhby-shard-00-02.etshaca.mongodb.net", "serverPort": 27017}
[ 2024-08-31 13:32:54,597 ] pymongo.connection - DEBUG - {"clientId": {"$oid": "66d2ce2b9e63a98ddbcf389a"}, "message": "Connection checkout started", "serverHost": "ac-tmorhby-shard-00-02.etshaca.mongodb.net", "serverPort": 27017}
[ 2024-08-31 13:32:54,597 ] pymongo.connection - DEBUG - {"clientId": {"$oid": "66d2ce2b9e63a98ddbcf389a"}, "message": "Connection checked out", "serverHost": "ac-tmorhby-shard-00-02.etshaca.mongodb.net", "serverPort": 27017, "driverConnectionId": 1, "durationMS": 0.0}
[ 2024-08-31 13:32:54,598 ] pymongo.command - DEBUG - {"clientId": {"$oid": "66d2ce2b9e63a98ddbcf389a"}, "message": "Command started", "command": "{\"getMore\": 4588000686915154288, \"collection\": \"visa_dataset\", \"lsid\": {\"id\": {\"$binary\": {\"base64\": \"h5pnpDhkSmKD2t30vDVUyg==\", \"subType\": \"04\"}}}, \"$clusterTime\": {\"clusterTime\": {\"$timestamp\": {\"t\": 1725091374, \"i\": 13}}, \"signature\": {\"hash\": {\"$binary\": {\"base64\": \"aMAUWqASe/d3KE5ZK6hu/5WMm68=\", \"subType\": \"00\"}}, \"keyId\": 7393568256243531781}}, \"$db\": \"US_VISA\"}", "commandName": "getMore", "databaseName": "US_VISA", "requestId": 15724, "operationId": 15724, "driverConnectionId": 1, "serverConnectionId": 158741, "serverHost": "ac-tmorhby-shard-00-02.etshaca.mongodb.net", "serverPort": 27017}
[ 2024-08-31 13:32:57,086 ] pymongo.command - DEBUG - {"clientId": {"$oid": "66d2ce2b9e63a98ddbcf389a"}, "message": "Command succeeded", "durationMS": 2489.276, "reply": "{\"cursor\": {\"nextBatch\": [{\"_id\": {\"$oid\": \"66a708523e4cc72c6cb16936\"}, \"case_id\": \"EZYV24453\", \"continent\": \"South America\", \"education_of_employee\": \"Bachelor's\", \"has_job_experience\": \"Y\", \"requires_job_training\": \"N\", \"no_of_employees\": 2148, \"yr_of_estab\": 2009, \"region_of_employment\": \"South\", \"prevailing_wage\": 116671.74, \"unit_of_wage\": \"Year\", \"full_time_position\": \"Y\", \"case_status\": \"Certified\"}, {\"_id\": {\"$oid\": \"66a708523e4cc72c6cb16937\"}, \"case_id\": \"EZYV24454\", \"continent\": \"Asia\", \"education_of_employee\": \"Bachelor's\", \"has_job_experience\": \"N\", \"requires_job_training\": \"N\", \"no_of_employees\": 1166, \"yr_of_estab\": 2004, \"region_of_employment\": \"West\", \"prevailing_wage\": 105408.45, \"unit_of_wage\": \"Year\", \"full_time_position\": \"Y\", \"case_status\": \"Certified\"}, {\"_id\": {\"$oid\": \"66a708523e4cc72c6cb16938\"}, \"case_id\": \"EZYV24455\", \"continent\": \"Asia\", \"education_of_employee\": \"Master's\", \"has_job_experience\": \"Y\", \"requires_job_training\": \"N\", \"no_of_employees\": 2804, \"yr_...", "commandName": "getMore", "databaseName": "US_VISA", "requestId": 15724, "operationId": 15724, "driverConnectionId": 1, "serverConnectionId": 158741, "serverHost": "ac-tmorhby-shard-00-02.etshaca.mongodb.net", "serverPort": 27017}
[ 2024-08-31 13:32:57,087 ] pymongo.connection - DEBUG - {"clientId": {"$oid": "66d2ce2b9e63a98ddbcf389a"}, "message": "Connection checked in", "serverHost": "ac-tmorhby-shard-00-02.etshaca.mongodb.net", "serverPort": 27017, "driverConnectionId": 1}
[ 2024-08-31 13:32:57,111 ] pymongo.serverSelection - DEBUG - {"message": "Server selection started", "selector": "<function any_server_selector at 0x0000020FBB293D00>", "operation": "getMore", "topologyDescription": "<TopologyDescription id: 66d2ce2b9e63a98ddbcf389a, topology_type: ReplicaSetWithPrimary, servers: [<ServerDescription ('ac-tmorhby-shard-00-00.etshaca.mongodb.net', 27017) server_type: RSSecondary, rtt: 0.03100000007543713>, <ServerDescription ('ac-tmorhby-shard-00-01.etshaca.mongodb.net', 27017) server_type: RSSecondary, rtt: 0.015000000013969839>, <ServerDescription ('ac-tmorhby-shard-00-02.etshaca.mongodb.net', 27017) server_type: RSPrimary, rtt: 0.03100000007543713>]>", "clientId": {"$oid": "66d2ce2b9e63a98ddbcf389a"}}
[ 2024-08-31 13:32:57,111 ] pymongo.serverSelection - DEBUG - {"message": "Server selection succeeded", "selector": "<function any_server_selector at 0x0000020FBB293D00>", "operation": "getMore", "topologyDescription": "<TopologyDescription id: 66d2ce2b9e63a98ddbcf389a, topology_type: ReplicaSetWithPrimary, servers: [<ServerDescription ('ac-tmorhby-shard-00-00.etshaca.mongodb.net', 27017) server_type: RSSecondary, rtt: 0.03100000007543713>, <ServerDescription ('ac-tmorhby-shard-00-01.etshaca.mongodb.net', 27017) server_type: RSSecondary, rtt: 0.015000000013969839>, <ServerDescription ('ac-tmorhby-shard-00-02.etshaca.mongodb.net', 27017) server_type: RSPrimary, rtt: 0.03100000007543713>]>", "clientId": {"$oid": "66d2ce2b9e63a98ddbcf389a"}, "serverHost": "ac-tmorhby-shard-00-02.etshaca.mongodb.net", "serverPort": 27017}
[ 2024-08-31 13:32:57,111 ] pymongo.connection - DEBUG - {"clientId": {"$oid": "66d2ce2b9e63a98ddbcf389a"}, "message": "Connection checkout started", "serverHost": "ac-tmorhby-shard-00-02.etshaca.mongodb.net", "serverPort": 27017}
[ 2024-08-31 13:32:57,111 ] pymongo.connection - DEBUG - {"clientId": {"$oid": "66d2ce2b9e63a98ddbcf389a"}, "message": "Connection checked out", "serverHost": "ac-tmorhby-shard-00-02.etshaca.mongodb.net", "serverPort": 27017, "driverConnectionId": 1, "durationMS": 0.0}
[ 2024-08-31 13:32:57,112 ] pymongo.command - DEBUG - {"clientId": {"$oid": "66d2ce2b9e63a98ddbcf389a"}, "message": "Command started", "command": "{\"getMore\": 4588000686915154288, \"collection\": \"visa_dataset\", \"lsid\": {\"id\": {\"$binary\": {\"base64\": \"h5pnpDhkSmKD2t30vDVUyg==\", \"subType\": \"04\"}}}, \"$clusterTime\": {\"clusterTime\": {\"$timestamp\": {\"t\": 1725091377, \"i\": 11}}, \"signature\": {\"hash\": {\"$binary\": {\"base64\": \"I4NvrTjeqCrmbB7LXLt5TGlAiOE=\", \"subType\": \"00\"}}, \"keyId\": 7393568256243531781}}, \"$db\": \"US_VISA\"}", "commandName": "getMore", "databaseName": "US_VISA", "requestId": 11478, "operationId": 11478, "driverConnectionId": 1, "serverConnectionId": 158741, "serverHost": "ac-tmorhby-shard-00-02.etshaca.mongodb.net", "serverPort": 27017}
[ 2024-08-31 13:32:57,264 ] pymongo.command - DEBUG - {"clientId": {"$oid": "66d2ce2b9e63a98ddbcf389a"}, "message": "Command succeeded", "durationMS": 152.698, "reply": "{\"cursor\": {\"nextBatch\": [{\"_id\": {\"$oid\": \"66b97657bc2e5314d1d2af2a\"}, \"case_id\": \"EZYV23316\", \"continent\": \"Africa\", \"education_of_employee\": \"Doctorate\", \"has_job_experience\": \"N\", \"requires_job_training\": \"N\", \"no_of_employees\": 4320, \"yr_of_estab\": 1870, \"region_of_employment\": \"Northeast\", \"prevailing_wage\": 39471.74, \"unit_of_wage\": \"Year\", \"full_time_position\": \"Y\", \"case_status\": \"Certified\"}, {\"_id\": {\"$oid\": \"66b97657bc2e5314d1d2af2d\"}, \"case_id\": \"EZYV23319\", \"continent\": \"Asia\", \"education_of_employee\": \"High School\", \"has_job_experience\": \"Y\", \"requires_job_training\": \"N\", \"no_of_employees\": 3948, \"yr_of_estab\": 1880, \"region_of_employment\": \"Northeast\", \"prevailing_wage\": 80098.97, \"unit_of_wage\": \"Year\", \"full_time_position\": \"Y\", \"case_status\": \"Certified\"}, {\"_id\": {\"$oid\": \"66b97657bc2e5314d1d2af30\"}, \"case_id\": \"EZYV23322\", \"continent\": \"Europe\", \"education_of_employee\": \"Bachelor's\", \"has_job_experience\": \"N\", \"requires_job_training\": \"Y\", \"no_of_employees\": 627, \"...", "commandName": "getMore", "databaseName": "US_VISA", "requestId": 11478, "operationId": 11478, "driverConnectionId": 1, "serverConnectionId": 158741, "serverHost": "ac-tmorhby-shard-00-02.etshaca.mongodb.net", "serverPort": 27017}
[ 2024-08-31 13:32:57,265 ] pymongo.connection - DEBUG - {"clientId": {"$oid": "66d2ce2b9e63a98ddbcf389a"}, "message": "Connection checked in", "serverHost": "ac-tmorhby-shard-00-02.etshaca.mongodb.net", "serverPort": 27017, "driverConnectionId": 1}
[ 2024-08-31 13:32:58,057 ] root - INFO - Shape of dataframe: (101920, 12)
[ 2024-08-31 13:32:58,059 ] root - INFO - Saving exported data into feature store file path: artifact\08_31_2024_13_32_45\data_ingestion\feature_store\usvisa.csv
[ 2024-08-31 13:32:58,797 ] root - INFO - Got the data from mongodb
[ 2024-08-31 13:32:58,797 ] root - INFO - Entered split_data_as_train_test method of Data_Ingestion class
[ 2024-08-31 13:32:58,849 ] root - INFO - Performed train test split on the dataframe
[ 2024-08-31 13:32:58,849 ] root - INFO - Exited split_data_as_train_test method of Data_Ingestion class
[ 2024-08-31 13:32:58,850 ] root - INFO - Exporting train and test file path.
[ 2024-08-31 13:32:59,533 ] root - INFO - Exported train and test file path.
[ 2024-08-31 13:32:59,546 ] root - INFO - Performed train test split on the dataset
[ 2024-08-31 13:32:59,546 ] root - INFO - Exited initiate_data_ingestion method of Data_Ingestion class
[ 2024-08-31 13:32:59,546 ] root - INFO - Data ingestion artifact: DataIngestionArtifact(trained_file_path='artifact\\08_31_2024_13_32_45\\data_ingestion\\ingested\\train.csv', test_file_path='artifact\\08_31_2024_13_32_45\\data_ingestion\\ingested\\test.csv')
[ 2024-08-31 13:32:59,581 ] root - INFO - Got the train_set and test_set from mongodb
[ 2024-08-31 13:32:59,581 ] root - INFO - Exited the start_data_ingestion method of TrainPipeline class
[ 2024-08-31 13:32:59,582 ] root - INFO - Entered the start_data_validation method of TrainPipeline class
[ 2024-08-31 13:32:59,589 ] root - INFO - Starting data validation
[ 2024-08-31 13:32:59,802 ] root - INFO - Is required column present: [True]
[ 2024-08-31 13:32:59,802 ] root - INFO - All required columns present in training dataframe: True
[ 2024-08-31 13:32:59,802 ] root - INFO - Is required column present: [True]
[ 2024-08-31 13:32:59,803 ] root - INFO - All required columns present in testing dataframe: True
[ 2024-08-31 13:33:47,851 ] root - INFO - 1/12 drift detected.
[ 2024-08-31 13:33:47,854 ] root - INFO - Data validation artifact: DataValidationArtifact(validation_status=True, message='Drift not detected', drift_report_file_path='artifact\\08_31_2024_13_32_45\\data_validation\\drift_report\\report.yaml')
[ 2024-08-31 13:33:47,859 ] root - INFO - Performed the data validation operation
[ 2024-08-31 13:33:47,860 ] root - INFO - Exited the start_data_validation method of TrainPipeline class
[ 2024-08-31 13:33:47,869 ] root - INFO - Starting data transformation
[ 2024-08-31 13:33:47,869 ] root - INFO - Entered get_data_transformer_object method of DataTransformation class
[ 2024-08-31 13:33:47,869 ] root - INFO - Got numerical cols from schema config
[ 2024-08-31 13:33:47,869 ] root - INFO - Initialized StandardScaler, OneHotEncoder, OrdinalEncoder
[ 2024-08-31 13:33:47,869 ] root - INFO - Initialize PowerTransformer
[ 2024-08-31 13:33:47,869 ] root - INFO - Created preprocessor object from ColumnTransformer
[ 2024-08-31 13:33:47,869 ] root - INFO - Exited get_data_transformer_object method of DataTransformation class
[ 2024-08-31 13:33:47,869 ] root - INFO - Got the preprocessor object
[ 2024-08-31 13:33:48,108 ] root - INFO - Got train features and test features of Training dataset
[ 2024-08-31 13:33:48,110 ] root - INFO - Added company_age column to the Training dataset
[ 2024-08-31 13:33:48,110 ] root - INFO - drop the columns in drop_cols of Training dataset
[ 2024-08-31 13:33:48,110 ] root - INFO - Entered drop_columns methon of utils
[ 2024-08-31 13:33:48,116 ] root - INFO - Exited the drop_columns method of utils
[ 2024-08-31 13:33:48,156 ] root - INFO - Added company_age column to the Test dataset
[ 2024-08-31 13:33:48,156 ] root - INFO - Entered drop_columns methon of utils
[ 2024-08-31 13:33:48,159 ] root - INFO - Exited the drop_columns method of utils
[ 2024-08-31 13:33:48,160 ] root - INFO - drop the columns in drop_cols of Test dataset
[ 2024-08-31 13:33:48,171 ] root - INFO - Got train features and test features of Testing dataset
[ 2024-08-31 13:33:48,171 ] root - INFO - Applying preprocessing object on training dataframe and testing dataframe
[ 2024-08-31 13:33:48,703 ] root - INFO - Used the preprocessor object to fit transform the train features
[ 2024-08-31 13:33:48,758 ] root - INFO - Used the preprocessor object to transform the test features
[ 2024-08-31 13:33:48,759 ] root - INFO - Applying SMOTEENN on Training dataset
[ 2024-08-31 13:34:52,915 ] root - INFO - Applied SMOTEENN on training dataset
[ 2024-08-31 13:34:52,915 ] root - INFO - Applying SMOTEENN on testing dataset
[ 2024-08-31 13:34:57,505 ] root - INFO - Applied SMOTEENN on testing dataset
[ 2024-08-31 13:34:57,505 ] root - INFO - Created train array and test array
[ 2024-08-31 13:34:57,516 ] root - INFO - Entered the save_object method of utils
[ 2024-08-31 13:34:57,529 ] root - INFO - Exited the save_object method of utils
[ 2024-08-31 13:34:57,577 ] root - INFO - Saved the preprocessor object
[ 2024-08-31 13:34:57,577 ] root - INFO - Exited initiate_data_transformation method of Data_Transformation class
[ 2024-08-31 13:34:57,594 ] root - INFO - Entered initiate_model_trainer method of ModelTrainer class
[ 2024-08-31 13:34:57,606 ] root - INFO - Using neuro_mf to get best model object and report
[ 2024-08-31 13:34:57,615 ] neuro_mf - INFO - Started Initializing model from config file
[ 2024-08-31 13:34:57,615 ] neuro_mf - INFO - {'algorithm': 'kd_tree', 'weights': 'uniform', 'n_neighbors': 3}
[ 2024-08-31 13:34:57,615 ] neuro_mf - INFO - {'max_depth': 10, 'max_features': 'sqrt', 'n_estimators': 3}
[ 2024-08-31 13:34:57,627 ] neuro_mf - INFO - Initialized model: [InitializedModelDetail(model_serial_number='module_0', model=KNeighborsClassifier(algorithm='kd_tree', n_neighbors=3), param_grid_search={'algorithm': ['auto', 'ball_tree', 'kd_tree', 'brute'], 'weights': ['uniform', 'distance'], 'n_neighbors': [3, 5, 9]}, model_name='sklearn.neighbors.KNeighborsClassifier'), InitializedModelDetail(model_serial_number='module_1', model=RandomForestClassifier(max_depth=10, n_estimators=3), param_grid_search={'max_depth': [10, 15, 20], 'max_features': ['sqrt', 'log2'], 'n_estimators': [3, 5, 9]}, model_name='sklearn.ensemble.RandomForestClassifier')]
[ 2024-08-31 13:34:57,627 ] neuro_mf - INFO - ('**************************************************', 'training KNeighborsClassifier', '**************************************************')
[ 2024-08-31 13:34:57,627 ] neuro_mf - INFO - {'cv': 3, 'verbose': 3}
[ 2024-08-31 14:05:04,385 ] neuro_mf - INFO - ('**************************************************', 'training RandomForestClassifier', '**************************************************')
[ 2024-08-31 14:05:04,386 ] neuro_mf - INFO - {'cv': 3, 'verbose': 3}
[ 2024-08-31 14:05:35,082 ] neuro_mf - INFO - Acceptable model found:GridSearchedBestModel(model_serial_number='module_0', model=KNeighborsClassifier(algorithm='kd_tree', n_neighbors=3), best_model=KNeighborsClassifier(n_neighbors=3, weights='distance'), best_parameters={'algorithm': 'auto', 'n_neighbors': 3, 'weights': 'distance'}, best_score=np.float64(0.994086052906956))
[ 2024-08-31 14:05:35,082 ] neuro_mf - INFO - Best model: GridSearchedBestModel(model_serial_number='module_0', model=KNeighborsClassifier(algorithm='kd_tree', n_neighbors=3), best_model=KNeighborsClassifier(n_neighbors=3, weights='distance'), best_parameters={'algorithm': 'auto', 'n_neighbors': 3, 'weights': 'distance'}, best_score=np.float64(0.994086052906956))
[ 2024-08-31 14:05:42,326 ] root - INFO - Entered the load_object method of utils
[ 2024-08-31 14:05:42,328 ] root - INFO - Exited the load_object method of utils
[ 2024-08-31 14:05:42,328 ] root - INFO - Created usvisa model object with preprocessor and model
[ 2024-08-31 14:05:42,328 ] root - INFO - Created best model file path.
[ 2024-08-31 14:05:42,329 ] root - INFO - Entered the save_object method of utils
[ 2024-08-31 14:05:42,358 ] root - INFO - Exited the save_object method of utils
[ 2024-08-31 14:05:42,358 ] root - INFO - Model trainer artifact: ModelTrainerArtifact(trained_model_file_path='artifact\\08_31_2024_13_32_45\\model_trainer\\trained_model\\model.pkl', metric_artifact=ClassificationMetricArtifact(f1_score=np.float64(0.9098428453267163), precision_score=np.float64(0.9297411516111992), recall_score=np.float64(0.8907784188683066)))
